TN:
SF:C:\shops\index.js
FN:10,(anonymous_0)
FNF:1
FNH:1
FNDA:4,(anonymous_0)
DA:3,4
DA:4,4
DA:5,4
DA:6,4
DA:7,4
DA:8,4
DA:10,4
DA:11,4
DA:24,4
DA:25,4
DA:26,4
DA:28,4
DA:29,4
DA:31,4
DA:32,4
DA:33,0
DA:36,4
DA:37,4
DA:38,4
LF:19
LH:18
BRDA:32,0,0,0
BRDA:32,0,1,4
BRF:2
BRH:1
end_of_record
TN:
SF:C:\shops\lib\db.js
FN:6,setupDatabase
FNF:1
FNH:1
FNDA:4,setupDatabase
DA:3,1
DA:4,1
DA:6,1
DA:7,4
DA:8,1
DA:10,4
LF:6
LH:6
BRDA:7,0,0,1
BRDA:7,0,1,3
BRF:2
BRH:2
end_of_record
TN:
SF:C:\shops\lib\product.js
FN:3,setupProduct
FN:4,findByStoreId
FN:15,create
FNF:3
FNH:1
FNDA:4,setupProduct
FNDA:0,findByStoreId
FNDA:0,create
DA:3,1
DA:5,0
DA:16,0
DA:20,0
DA:21,0
DA:22,0
DA:23,0
DA:26,4
LF:8
LH:2
BRDA:20,0,0,0
BRDA:20,0,1,0
BRF:2
BRH:0
end_of_record
TN:
SF:C:\shops\lib\store.js
FN:3,setupStore
FN:4,createOrUpdate
FN:19,findById
FNF:3
FNH:3
FNDA:4,setupStore
FNDA:1,createOrUpdate
FNDA:1,findById
DA:3,1
DA:5,1
DA:10,1
DA:11,1
DA:12,1
DA:13,1
DA:15,0
DA:16,0
DA:20,1
DA:23,4
LF:10
LH:8
BRDA:11,0,0,1
BRDA:11,0,1,0
BRDA:13,1,0,1
BRDA:13,1,1,0
BRF:4
BRH:2
end_of_record
TN:
SF:C:\shops\models\product.js
FN:6,setupProductModel
FNF:1
FNH:0
FNDA:0,setupProductModel
DA:3,1
DA:4,1
DA:6,1
DA:7,0
DA:9,0
LF:5
LH:3
BRF:0
BRH:0
end_of_record
TN:
SF:C:\shops\models\store.js
FN:6,setupStoreModel
FNF:1
FNH:0
FNDA:0,setupStoreModel
DA:3,1
DA:4,1
DA:6,1
DA:7,0
DA:9,0
LF:5
LH:3
BRF:0
BRH:0
end_of_record
